// 重构日志: 798a1288
// 重构日志: 11882ccd
// 重构日志: 6aaa4f36
// 重构日志: 2bd36631
// 重构日志: 214369f4
// 重构日志: eec329e7
// 重构日志: 0b5f16fa
// 重构日志: 92c400cd
// 重构日志: fd96d287
// 重构日志: a9cd56f5
// 重构日志: 5d050f16
// 重构日志: 37afc027
// 重构日志: a31a244d
// 重构日志: f3165f23
// 同步 ID: 9f1ccefa @ Sat Jul 11 17:37:46 UTC 2026
// 重构日志: 70020e89
// 重构日志: f1615281
// 重构日志: aed97a4b
// 重构日志: 6f721aa5
// 重构日志: c4616b1f
// 同步 ID: c2dd62b3 @ Wed Jul 15 00:25:31 UTC 2026
// 重构日志: 707e184e
// 重构日志: 2449e522
// 同步 ID: 5991986c @ Fri Jul 17 00:17:11 UTC 2026
// 同步 ID: a76eb775 @ Fri Jul 17 16:00:53 UTC 2026
// 重构日志: 7f7615b4
// 同步 ID: 8e7a8748 @ Sat Jul 18 03:52:25 UTC 2026
// 同步 ID: de42de4c @ Sat Jul 18 11:39:10 UTC 2026
// 重构日志: d9abdef8
// 同步 ID: 3a850d99 @ Sun Jul 19 04:25:02 UTC 2026
